{"C:\\Users\\C\\Desktop\\blog\\blog-development-master\\blog-development-master\\demo-web\\src\\api\\index.js": {"path":"C:\\Users\\C\\Desktop\\blog\\blog-development-master\\blog-development-master\\demo-web\\src\\api\\index.js","statementMap":{"0":{"start":{"line":4,"column":4},"end":{"line":8,"column":6}},"1":{"start":{"line":12,"column":4},"end":{"line":16,"column":6}},"2":{"start":{"line":19,"column":4},"end":{"line":23,"column":6}},"3":{"start":{"line":27,"column":4},"end":{"line":33,"column":6}},"4":{"start":{"line":36,"column":4},"end":{"line":42,"column":6}},"5":{"start":{"line":45,"column":4},"end":{"line":48,"column":6}},"6":{"start":{"line":52,"column":4},"end":{"line":56,"column":6}},"7":{"start":{"line":60,"column":4},"end":{"line":64,"column":6}},"8":{"start":{"line":67,"column":4},"end":{"line":70,"column":6}},"9":{"start":{"line":73,"column":4},"end":{"line":76,"column":6}},"10":{"start":{"line":79,"column":4},"end":{"line":83,"column":6}},"11":{"start":{"line":86,"column":4},"end":{"line":90,"column":6}},"12":{"start":{"line":94,"column":4},"end":{"line":97,"column":6}},"13":{"start":{"line":100,"column":4},"end":{"line":103,"column":6}},"14":{"start":{"line":106,"column":4},"end":{"line":109,"column":6}},"15":{"start":{"line":112,"column":4},"end":{"line":116,"column":6}},"16":{"start":{"line":120,"column":4},"end":{"line":124,"column":6}},"17":{"start":{"line":128,"column":4},"end":{"line":132,"column":6}},"18":{"start":{"line":136,"column":4},"end":{"line":142,"column":6}},"19":{"start":{"line":146,"column":4},"end":{"line":152,"column":6}},"20":{"start":{"line":155,"column":4},"end":{"line":158,"column":6}},"21":{"start":{"line":161,"column":4},"end":{"line":164,"column":6}},"22":{"start":{"line":167,"column":4},"end":{"line":173,"column":6}},"23":{"start":{"line":176,"column":4},"end":{"line":180,"column":6}},"24":{"start":{"line":183,"column":4},"end":{"line":186,"column":6}},"25":{"start":{"line":189,"column":4},"end":{"line":195,"column":6}},"26":{"start":{"line":199,"column":4},"end":{"line":203,"column":6}},"27":{"start":{"line":206,"column":4},"end":{"line":209,"column":6}},"28":{"start":{"line":213,"column":4},"end":{"line":216,"column":6}},"29":{"start":{"line":220,"column":4},"end":{"line":224,"column":6}},"30":{"start":{"line":227,"column":4},"end":{"line":231,"column":6}},"31":{"start":{"line":235,"column":4},"end":{"line":239,"column":6}},"32":{"start":{"line":243,"column":4},"end":{"line":249,"column":6}},"33":{"start":{"line":254,"column":4},"end":{"line":258,"column":6}},"34":{"start":{"line":262,"column":4},"end":{"line":268,"column":6}},"35":{"start":{"line":272,"column":4},"end":{"line":276,"column":6}}},"fnMap":{"0":{"name":"fetchArticleList","decl":{"start":{"line":3,"column":16},"end":{"line":3,"column":32}},"loc":{"start":{"line":3,"column":41},"end":{"line":9,"column":1}},"line":3},"1":{"name":"getUserArticles","decl":{"start":{"line":11,"column":16},"end":{"line":11,"column":31}},"loc":{"start":{"line":11,"column":40},"end":{"line":17,"column":1}},"line":11},"2":{"name":"searchArticle","decl":{"start":{"line":18,"column":16},"end":{"line":18,"column":29}},"loc":{"start":{"line":18,"column":38},"end":{"line":24,"column":1}},"line":18},"3":{"name":"articleInfo","decl":{"start":{"line":26,"column":16},"end":{"line":26,"column":27}},"loc":{"start":{"line":26,"column":32},"end":{"line":34,"column":1}},"line":26},"4":{"name":"articleLike","decl":{"start":{"line":35,"column":16},"end":{"line":35,"column":27}},"loc":{"start":{"line":35,"column":32},"end":{"line":43,"column":1}},"line":35},"5":{"name":"archive","decl":{"start":{"line":44,"column":16},"end":{"line":44,"column":23}},"loc":{"start":{"line":44,"column":26},"end":{"line":49,"column":1}},"line":44},"6":{"name":"fetchTagList","decl":{"start":{"line":51,"column":16},"end":{"line":51,"column":28}},"loc":{"start":{"line":51,"column":31},"end":{"line":57,"column":1}},"line":51},"7":{"name":"featchComments","decl":{"start":{"line":59,"column":16},"end":{"line":59,"column":30}},"loc":{"start":{"line":59,"column":39},"end":{"line":65,"column":1}},"line":59},"8":{"name":"newArticle","decl":{"start":{"line":66,"column":16},"end":{"line":66,"column":26}},"loc":{"start":{"line":66,"column":29},"end":{"line":71,"column":1}},"line":66},"9":{"name":"featchLinks","decl":{"start":{"line":72,"column":16},"end":{"line":72,"column":27}},"loc":{"start":{"line":72,"column":30},"end":{"line":77,"column":1}},"line":72},"10":{"name":"addLink","decl":{"start":{"line":78,"column":16},"end":{"line":78,"column":23}},"loc":{"start":{"line":78,"column":30},"end":{"line":84,"column":1}},"line":78},"11":{"name":"postComment","decl":{"start":{"line":85,"column":16},"end":{"line":85,"column":27}},"loc":{"start":{"line":85,"column":34},"end":{"line":91,"column":1}},"line":85},"12":{"name":"featchHomeData","decl":{"start":{"line":93,"column":16},"end":{"line":93,"column":30}},"loc":{"start":{"line":93,"column":33},"end":{"line":98,"column":1}},"line":93},"13":{"name":"getWebSiteInfo","decl":{"start":{"line":99,"column":16},"end":{"line":99,"column":30}},"loc":{"start":{"line":99,"column":33},"end":{"line":104,"column":1}},"line":99},"14":{"name":"listMessage","decl":{"start":{"line":105,"column":16},"end":{"line":105,"column":27}},"loc":{"start":{"line":105,"column":30},"end":{"line":110,"column":1}},"line":105},"15":{"name":"addMessage","decl":{"start":{"line":111,"column":16},"end":{"line":111,"column":26}},"loc":{"start":{"line":111,"column":33},"end":{"line":117,"column":1}},"line":111},"16":{"name":"emailLogin","decl":{"start":{"line":119,"column":16},"end":{"line":119,"column":26}},"loc":{"start":{"line":119,"column":33},"end":{"line":125,"column":1}},"line":119},"17":{"name":"qqLogin","decl":{"start":{"line":127,"column":16},"end":{"line":127,"column":23}},"loc":{"start":{"line":127,"column":30},"end":{"line":133,"column":1}},"line":127},"18":{"name":"gitEELogin","decl":{"start":{"line":135,"column":16},"end":{"line":135,"column":26}},"loc":{"start":{"line":135,"column":33},"end":{"line":143,"column":1}},"line":135},"19":{"name":"weiboLogin","decl":{"start":{"line":145,"column":16},"end":{"line":145,"column":26}},"loc":{"start":{"line":145,"column":33},"end":{"line":153,"column":1}},"line":145},"20":{"name":"logout","decl":{"start":{"line":154,"column":16},"end":{"line":154,"column":22}},"loc":{"start":{"line":154,"column":25},"end":{"line":159,"column":1}},"line":154},"21":{"name":"getWecahtLoginQr","decl":{"start":{"line":160,"column":16},"end":{"line":160,"column":32}},"loc":{"start":{"line":160,"column":35},"end":{"line":165,"column":1}},"line":160},"22":{"name":"wxIsLogin","decl":{"start":{"line":166,"column":16},"end":{"line":166,"column":25}},"loc":{"start":{"line":166,"column":30},"end":{"line":174,"column":1}},"line":166},"23":{"name":"updateUserInfo","decl":{"start":{"line":175,"column":16},"end":{"line":175,"column":30}},"loc":{"start":{"line":175,"column":37},"end":{"line":181,"column":1}},"line":175},"24":{"name":"getUserInfo","decl":{"start":{"line":182,"column":16},"end":{"line":182,"column":27}},"loc":{"start":{"line":182,"column":30},"end":{"line":187,"column":1}},"line":182},"25":{"name":"sendEmailCode","decl":{"start":{"line":188,"column":16},"end":{"line":188,"column":29}},"loc":{"start":{"line":188,"column":37},"end":{"line":196,"column":1}},"line":188},"26":{"name":"emailRegister","decl":{"start":{"line":198,"column":16},"end":{"line":198,"column":29}},"loc":{"start":{"line":198,"column":36},"end":{"line":204,"column":1}},"line":198},"27":{"name":"featchCategory","decl":{"start":{"line":205,"column":16},"end":{"line":205,"column":30}},"loc":{"start":{"line":205,"column":33},"end":{"line":210,"column":1}},"line":205},"28":{"name":"featchPhotoAlbum","decl":{"start":{"line":212,"column":16},"end":{"line":212,"column":32}},"loc":{"start":{"line":212,"column":35},"end":{"line":217,"column":1}},"line":212},"29":{"name":"featchPhoto","decl":{"start":{"line":219,"column":16},"end":{"line":219,"column":27}},"loc":{"start":{"line":219,"column":36},"end":{"line":225,"column":1}},"line":219},"30":{"name":"getPayUrl","decl":{"start":{"line":226,"column":16},"end":{"line":226,"column":25}},"loc":{"start":{"line":226,"column":34},"end":{"line":232,"column":1}},"line":226},"31":{"name":"addOrUpdateArticle","decl":{"start":{"line":234,"column":16},"end":{"line":234,"column":34}},"loc":{"start":{"line":234,"column":41},"end":{"line":240,"column":1}},"line":234},"32":{"name":"getArticleDetail","decl":{"start":{"line":242,"column":16},"end":{"line":242,"column":32}},"loc":{"start":{"line":242,"column":37},"end":{"line":250,"column":1}},"line":242},"33":{"name":"pubOrShelfArticle","decl":{"start":{"line":253,"column":16},"end":{"line":253,"column":33}},"loc":{"start":{"line":253,"column":40},"end":{"line":259,"column":1}},"line":253},"34":{"name":"deleteArticle","decl":{"start":{"line":261,"column":16},"end":{"line":261,"column":29}},"loc":{"start":{"line":261,"column":34},"end":{"line":269,"column":1}},"line":261},"35":{"name":"aiChat","decl":{"start":{"line":271,"column":16},"end":{"line":271,"column":22}},"loc":{"start":{"line":271,"column":29},"end":{"line":277,"column":1}},"line":271}},"branchMap":{},"s":{"0":4,"1":1,"2":1,"3":1,"4":1,"5":1,"6":1,"7":1,"8":1,"9":1,"10":1,"11":1,"12":1,"13":1,"14":1,"15":1,"16":1,"17":1,"18":1,"19":1,"20":1,"21":1,"22":1,"23":2,"24":1,"25":1,"26":1,"27":1,"28":1,"29":1,"30":1,"31":4,"32":1,"33":1,"34":2,"35":1},"f":{"0":4,"1":1,"2":1,"3":1,"4":1,"5":1,"6":1,"7":1,"8":1,"9":1,"10":1,"11":1,"12":1,"13":1,"14":1,"15":1,"16":1,"17":1,"18":1,"19":1,"20":1,"21":1,"22":1,"23":2,"24":1,"25":1,"26":1,"27":1,"28":1,"29":1,"30":1,"31":4,"32":1,"33":1,"34":2,"35":1},"b":{},"_coverageSchema":"1a1c01bbd47fc00a2c39e90264f33305004495a9","hash":"509e85ab052d236ad7d511354dd48cd6e286b790"}
,"C:\\Users\\C\\Desktop\\blog\\blog-development-master\\blog-development-master\\demo-web\\src\\components\\banner\\Banner.vue": {"path":"C:\\Users\\C\\Desktop\\blog\\blog-development-master\\blog-development-master\\demo-web\\src\\components\\banner\\Banner.vue","statementMap":{"0":{"start":{"line":28,"column":0},"end":{"line":121,"column":null}},"1":{"start":{"line":1,"column":0},"end":{"line":1,"column":null}}},"fnMap":{"0":{"name":"(anonymous_11)","decl":{"start":{"line":1,"column":0},"end":{"line":1,"column":null}},"loc":{"start":{"line":1,"column":0},"end":{"line":1,"column":null}}}},"branchMap":{"0":{"loc":{"start":{"line":1,"column":0},"end":{"line":1,"column":null}},"type":"cond-expr","locations":[{"start":{"line":1,"column":0},"end":{"line":1,"column":null}},{"start":{"line":1,"column":0},"end":{"line":1,"column":null}}]}},"s":{"0":1,"1":108},"f":{"0":79},"b":{"0":[13,0]}}
,"C:\\Users\\C\\Desktop\\blog\\blog-development-master\\blog-development-master\\demo-web\\src\\components\\comment\\index.vue": {"path":"C:\\Users\\C\\Desktop\\blog\\blog-development-master\\blog-development-master\\demo-web\\src\\components\\comment\\index.vue","statementMap":{"0":{"start":{"line":164,"column":0},"end":{"line":164,"column":null}},"1":{"start":{"line":165,"column":0},"end":{"line":165,"column":null}},"2":{"start":{"line":166,"column":0},"end":{"line":166,"column":null}},"3":{"start":{"line":167,"column":0},"end":{"line":167,"column":null}},"4":{"start":{"line":161,"column":0},"end":{"line":327,"column":null}},"5":{"start":{"line":1,"column":0},"end":{"line":1,"column":null}}},"fnMap":{"0":{"name":"_interopRequireDefault","decl":{"start":{"line":167,"column":0},"end":{"line":167,"column":null}},"loc":{"start":{"line":167,"column":0},"end":{"line":167,"column":null}}},"1":{"name":"(anonymous_21)","decl":{"start":{"line":1,"column":0},"end":{"line":1,"column":null}},"loc":{"start":{"line":1,"column":0},"end":{"line":1,"column":null}}}},"branchMap":{"0":{"loc":{"start":{"line":167,"column":0},"end":{"line":167,"column":null}},"type":"cond-expr","locations":[{"start":{"line":167,"column":0},"end":{"line":167,"column":null}},{"start":{"line":167,"column":0},"end":{"line":167,"column":null}}]},"1":{"loc":{"start":{"line":1,"column":0},"end":{"line":1,"column":null}},"type":"cond-expr","locations":[{"start":{"line":1,"column":0},"end":{"line":1,"column":null}},{"start":{"line":1,"column":0},"end":{"line":1,"column":null}}]},"2":{"loc":{"start":{"line":1,"column":0},"end":{"line":1,"column":null}},"type":"if","locations":[{"start":{"line":1,"column":0},"end":{"line":1,"column":null}}]}},"s":{"0":1,"1":1,"2":1,"3":2,"4":1,"5":222},"f":{"0":1,"1":155},"b":{"0":[2,1],"1":[26,97],"2":[0]}}
,"C:\\Users\\C\\Desktop\\blog\\blog-development-master\\blog-development-master\\demo-web\\src\\components\\layout\\Search.vue": {"path":"C:\\Users\\C\\Desktop\\blog\\blog-development-master\\blog-development-master\\demo-web\\src\\components\\layout\\Search.vue","statementMap":{"0":{"start":{"line":31,"column":0},"end":{"line":31,"column":null}},"1":{"start":{"line":32,"column":0},"end":{"line":32,"column":null}},"2":{"start":{"line":29,"column":0},"end":{"line":97,"column":null}},"3":{"start":{"line":1,"column":0},"end":{"line":1,"column":null}}},"fnMap":{"0":{"name":"(anonymous_12)","decl":{"start":{"line":1,"column":0},"end":{"line":1,"column":null}},"loc":{"start":{"line":1,"column":0},"end":{"line":1,"column":null}}}},"branchMap":{"0":{"loc":{"start":{"line":1,"column":0},"end":{"line":1,"column":null}},"type":"if","locations":[{"start":{"line":1,"column":0},"end":{"line":1,"column":null}}]}},"s":{"0":1,"1":1,"2":1,"3":258},"f":{"0":181},"b":{"0":[0]}}
,"C:\\Users\\C\\Desktop\\blog\\blog-development-master\\blog-development-master\\demo-web\\src\\components\\model\\Login.vue": {"path":"C:\\Users\\C\\Desktop\\blog\\blog-development-master\\blog-development-master\\demo-web\\src\\components\\model\\Login.vue","statementMap":{"0":{"start":{"line":51,"column":0},"end":{"line":51,"column":null}},"1":{"start":{"line":52,"column":0},"end":{"line":52,"column":null}},"2":{"start":{"line":49,"column":0},"end":{"line":163,"column":null}},"3":{"start":{"line":1,"column":0},"end":{"line":1,"column":null}}},"fnMap":{"0":{"name":"(anonymous_15)","decl":{"start":{"line":1,"column":0},"end":{"line":1,"column":null}},"loc":{"start":{"line":1,"column":0},"end":{"line":1,"column":null}}}},"branchMap":{"0":{"loc":{"start":{"line":1,"column":0},"end":{"line":1,"column":null}},"type":"if","locations":[{"start":{"line":1,"column":0},"end":{"line":1,"column":null}}]},"1":{"loc":{"start":{"line":1,"column":0},"end":{"line":1,"column":null}},"type":"binary-expr","locations":[{"start":{"line":1,"column":0},"end":{"line":1,"column":null}},{"start":{"line":1,"column":0},"end":{"line":1,"column":null}}]}},"s":{"0":1,"1":1,"2":1,"3":132},"f":{"0":43},"b":{"0":[0],"1":[0,0]}}
,"C:\\Users\\C\\Desktop\\blog\\blog-development-master\\blog-development-master\\demo-web\\src\\components\\pagination\\index.vue": {"path":"C:\\Users\\C\\Desktop\\blog\\blog-development-master\\blog-development-master\\demo-web\\src\\components\\pagination\\index.vue","statementMap":{"0":{"start":{"line":25,"column":0},"end":{"line":125,"column":null}},"1":{"start":{"line":1,"column":0},"end":{"line":1,"column":null}}},"fnMap":{"0":{"name":"(anonymous_10)","decl":{"start":{"line":1,"column":0},"end":{"line":1,"column":null}},"loc":{"start":{"line":1,"column":0},"end":{"line":1,"column":null}}}},"branchMap":{"0":{"loc":{"start":{"line":1,"column":0},"end":{"line":1,"column":null}},"type":"cond-expr","locations":[{"start":{"line":1,"column":0},"end":{"line":1,"column":null}},{"start":{"line":1,"column":0},"end":{"line":1,"column":null}}]}},"s":{"0":2,"1":388},"f":{"0":282},"b":{"0":[122,110]}}
,"C:\\Users\\C\\Desktop\\blog\\blog-development-master\\blog-development-master\\demo-web\\src\\utils\\auth.js": {"path":"C:\\Users\\C\\Desktop\\blog\\blog-development-master\\blog-development-master\\demo-web\\src\\utils\\auth.js","statementMap":{"0":{"start":{"line":3,"column":16},"end":{"line":3,"column":22}},"1":{"start":{"line":7,"column":16},"end":{"line":7,"column":36}},"2":{"start":{"line":8,"column":4},"end":{"line":10,"column":5}},"3":{"start":{"line":9,"column":8},"end":{"line":9,"column":32}},"4":{"start":{"line":11,"column":4},"end":{"line":11,"column":16}},"5":{"start":{"line":15,"column":4},"end":{"line":15,"column":60}},"6":{"start":{"line":18,"column":4},"end":{"line":18,"column":34}},"7":{"start":{"line":21,"column":4},"end":{"line":21,"column":55}},"8":{"start":{"line":24,"column":4},"end":{"line":24,"column":48}},"9":{"start":{"line":27,"column":4},"end":{"line":27,"column":58}},"10":{"start":{"line":30,"column":4},"end":{"line":30,"column":51}},"11":{"start":{"line":33,"column":15},"end":{"line":33,"column":20}},"12":{"start":{"line":34,"column":4},"end":{"line":39,"column":6}},"13":{"start":{"line":35,"column":8},"end":{"line":38,"column":9}},"14":{"start":{"line":36,"column":12},"end":{"line":36,"column":23}},"15":{"start":{"line":37,"column":12},"end":{"line":37,"column":24}},"16":{"start":{"line":40,"column":4},"end":{"line":40,"column":15}}},"fnMap":{"0":{"name":"getUser","decl":{"start":{"line":6,"column":16},"end":{"line":6,"column":23}},"loc":{"start":{"line":6,"column":26},"end":{"line":12,"column":1}},"line":6},"1":{"name":"setUser","decl":{"start":{"line":14,"column":16},"end":{"line":14,"column":23}},"loc":{"start":{"line":14,"column":31},"end":{"line":16,"column":1}},"line":14},"2":{"name":"removeUser","decl":{"start":{"line":17,"column":16},"end":{"line":17,"column":26}},"loc":{"start":{"line":17,"column":29},"end":{"line":19,"column":1}},"line":17},"3":{"name":"setSkin","decl":{"start":{"line":20,"column":16},"end":{"line":20,"column":23}},"loc":{"start":{"line":20,"column":31},"end":{"line":22,"column":1}},"line":20},"4":{"name":"getSkin","decl":{"start":{"line":23,"column":16},"end":{"line":23,"column":23}},"loc":{"start":{"line":23,"column":26},"end":{"line":25,"column":1}},"line":23},"5":{"name":"setUrl","decl":{"start":{"line":26,"column":16},"end":{"line":26,"column":22}},"loc":{"start":{"line":26,"column":30},"end":{"line":28,"column":1}},"line":26},"6":{"name":"getUrl","decl":{"start":{"line":29,"column":16},"end":{"line":29,"column":22}},"loc":{"start":{"line":29,"column":25},"end":{"line":31,"column":1}},"line":29},"7":{"name":"hasAuth","decl":{"start":{"line":32,"column":16},"end":{"line":32,"column":23}},"loc":{"start":{"line":32,"column":37},"end":{"line":41,"column":1}},"line":32},"8":{"name":"(anonymous_8)","decl":{"start":{"line":34,"column":18},"end":{"line":34,"column":19}},"loc":{"start":{"line":34,"column":23},"end":{"line":39,"column":5}},"line":34}},"branchMap":{"0":{"loc":{"start":{"line":8,"column":4},"end":{"line":10,"column":5}},"type":"if","locations":[{"start":{"line":8,"column":4},"end":{"line":10,"column":5}},{"start":{},"end":{}}],"line":8},"1":{"loc":{"start":{"line":35,"column":8},"end":{"line":38,"column":9}},"type":"if","locations":[{"start":{"line":35,"column":8},"end":{"line":38,"column":9}},{"start":{},"end":{}}],"line":35}},"s":{"0":1,"1":6,"2":6,"3":3,"4":3,"5":5,"6":3,"7":4,"8":3,"9":4,"10":3,"11":9,"12":9,"13":16,"14":7,"15":7,"16":9},"f":{"0":6,"1":5,"2":3,"3":4,"4":3,"5":4,"6":3,"7":9,"8":16},"b":{"0":[3,3],"1":[7,9]},"_coverageSchema":"1a1c01bbd47fc00a2c39e90264f33305004495a9","hash":"ed2f6ee4b3598cfb2a5e2b686a3d7a7d17d2aaca"}
,"C:\\Users\\C\\Desktop\\blog\\blog-development-master\\blog-development-master\\demo-web\\src\\view\\article\\ArticleList.vue": {"path":"C:\\Users\\C\\Desktop\\blog\\blog-development-master\\blog-development-master\\demo-web\\src\\view\\article\\ArticleList.vue","statementMap":{"0":{"start":{"line":46,"column":0},"end":{"line":78,"column":null}},"1":{"start":{"line":1,"column":0},"end":{"line":1,"column":null}}},"fnMap":{"0":{"name":"(anonymous_5)","decl":{"start":{"line":1,"column":0},"end":{"line":1,"column":null}},"loc":{"start":{"line":1,"column":0},"end":{"line":1,"column":null}}}},"branchMap":{"0":{"loc":{"start":{"line":1,"column":0},"end":{"line":1,"column":null}},"type":"cond-expr","locations":[{"start":{"line":1,"column":0},"end":{"line":1,"column":null}},{"start":{"line":1,"column":0},"end":{"line":1,"column":null}}]}},"s":{"0":1,"1":259},"f":{"0":180},"b":{"0":[14,150]}}
,"C:\\Users\\C\\Desktop\\blog\\blog-development-master\\blog-development-master\\demo-web\\src\\view\\article\\NewlyArticle.vue": {"path":"C:\\Users\\C\\Desktop\\blog\\blog-development-master\\blog-development-master\\demo-web\\src\\view\\article\\NewlyArticle.vue","statementMap":{"0":{"start":{"line":18,"column":0},"end":{"line":18,"column":null}},"1":{"start":{"line":16,"column":0},"end":{"line":30,"column":null}},"2":{"start":{"line":1,"column":0},"end":{"line":1,"column":null}}},"fnMap":{"0":{"name":"(anonymous_2)","decl":{"start":{"line":1,"column":0},"end":{"line":1,"column":null}},"loc":{"start":{"line":1,"column":0},"end":{"line":1,"column":null}}}},"branchMap":{},"s":{"0":1,"1":1,"2":186},"f":{"0":143},"b":{}}
,"C:\\Users\\C\\Desktop\\blog\\blog-development-master\\blog-development-master\\demo-web\\src\\view\\category\\HotCategory.vue": {"path":"C:\\Users\\C\\Desktop\\blog\\blog-development-master\\blog-development-master\\demo-web\\src\\view\\category\\HotCategory.vue","statementMap":{"0":{"start":{"line":16,"column":0},"end":{"line":31,"column":null}},"1":{"start":{"line":1,"column":0},"end":{"line":1,"column":null}}},"fnMap":{"0":{"name":"(anonymous_2)","decl":{"start":{"line":1,"column":0},"end":{"line":1,"column":null}},"loc":{"start":{"line":1,"column":0},"end":{"line":1,"column":null}}}},"branchMap":{},"s":{"0":1,"1":109},"f":{"0":64},"b":{}}
,"C:\\Users\\C\\Desktop\\blog\\blog-development-master\\blog-development-master\\demo-web\\src\\view\\search\\index.vue": {"path":"C:\\Users\\C\\Desktop\\blog\\blog-development-master\\blog-development-master\\demo-web\\src\\view\\search\\index.vue","statementMap":{"0":{"start":{"line":64,"column":0},"end":{"line":64,"column":null}},"1":{"start":{"line":65,"column":0},"end":{"line":65,"column":null}},"2":{"start":{"line":62,"column":0},"end":{"line":119,"column":null}},"3":{"start":{"line":1,"column":0},"end":{"line":1,"column":null}}},"fnMap":{"0":{"name":"_interopRequireDefault","decl":{"start":{"line":65,"column":0},"end":{"line":65,"column":null}},"loc":{"start":{"line":65,"column":0},"end":{"line":65,"column":null}}},"1":{"name":"(anonymous_9)","decl":{"start":{"line":1,"column":0},"end":{"line":1,"column":null}},"loc":{"start":{"line":1,"column":0},"end":{"line":1,"column":null}}}},"branchMap":{"0":{"loc":{"start":{"line":65,"column":0},"end":{"line":65,"column":null}},"type":"cond-expr","locations":[{"start":{"line":65,"column":0},"end":{"line":65,"column":null}},{"start":{"line":65,"column":0},"end":{"line":65,"column":null}}]},"1":{"loc":{"start":{"line":1,"column":0},"end":{"line":1,"column":null}},"type":"cond-expr","locations":[{"start":{"line":1,"column":0},"end":{"line":1,"column":null}},{"start":{"line":1,"column":0},"end":{"line":1,"column":null}}]}},"s":{"0":1,"1":2,"2":1,"3":187},"f":{"0":1,"1":78},"b":{"0":[2,1],"1":[49,54]}}
}
