TN:
SF:src\api\index.js
FN:3,fetchArticleList
FN:11,getUserArticles
FN:18,searchArticle
FN:26,articleInfo
FN:35,articleLike
FN:44,archive
FN:51,fetchTagList
FN:59,featchComments
FN:66,newArticle
FN:72,featchLinks
FN:78,addLink
FN:85,postComment
FN:93,featchHomeData
FN:99,getWebSiteInfo
FN:105,listMessage
FN:111,addMessage
FN:119,emailLogin
FN:127,qqLogin
FN:135,gitEELogin
FN:145,weiboLogin
FN:154,logout
FN:160,getWecahtLoginQr
FN:166,wxIsLogin
FN:175,updateUserInfo
FN:182,getUserInfo
FN:188,sendEmailCode
FN:198,emailRegister
FN:205,featchCategory
FN:212,featchPhotoAlbum
FN:219,featchPhoto
FN:226,getPayUrl
FN:234,addOrUpdateArticle
FN:242,getArticleDetail
FN:253,pubOrShelfArticle
FN:261,deleteArticle
FN:271,aiChat
FNF:36
FNH:36
FNDA:4,fetchArticleList
FNDA:1,getUserArticles
FNDA:1,searchArticle
FNDA:1,articleInfo
FNDA:1,articleLike
FNDA:1,archive
FNDA:1,fetchTagList
FNDA:1,featchComments
FNDA:1,newArticle
FNDA:1,featchLinks
FNDA:1,addLink
FNDA:1,postComment
FNDA:1,featchHomeData
FNDA:1,getWebSiteInfo
FNDA:1,listMessage
FNDA:1,addMessage
FNDA:1,emailLogin
FNDA:1,qqLogin
FNDA:1,gitEELogin
FNDA:1,weiboLogin
FNDA:1,logout
FNDA:1,getWecahtLoginQr
FNDA:1,wxIsLogin
FNDA:2,updateUserInfo
FNDA:1,getUserInfo
FNDA:1,sendEmailCode
FNDA:1,emailRegister
FNDA:1,featchCategory
FNDA:1,featchPhotoAlbum
FNDA:1,featchPhoto
FNDA:1,getPayUrl
FNDA:4,addOrUpdateArticle
FNDA:1,getArticleDetail
FNDA:1,pubOrShelfArticle
FNDA:2,deleteArticle
FNDA:1,aiChat
DA:4,4
DA:12,1
DA:19,1
DA:27,1
DA:36,1
DA:45,1
DA:52,1
DA:60,1
DA:67,1
DA:73,1
DA:79,1
DA:86,1
DA:94,1
DA:100,1
DA:106,1
DA:112,1
DA:120,1
DA:128,1
DA:136,1
DA:146,1
DA:155,1
DA:161,1
DA:167,1
DA:176,2
DA:183,1
DA:189,1
DA:199,1
DA:206,1
DA:213,1
DA:220,1
DA:227,1
DA:235,4
DA:243,1
DA:254,1
DA:262,2
DA:272,1
LF:36
LH:36
BRF:0
BRH:0
end_of_record
TN:
SF:src\components\banner\Banner.vue
FN:1,(anonymous_11)
FNF:1
FNH:1
FNDA:79,(anonymous_11)
DA:1,108
DA:28,1
LF:2
LH:2
BRDA:1,0,0,13
BRDA:1,0,1,0
BRF:2
BRH:1
end_of_record
TN:
SF:src\components\comment\index.vue
FN:167,_interopRequireDefault
FN:1,(anonymous_21)
FNF:2
FNH:2
FNDA:1,_interopRequireDefault
FNDA:155,(anonymous_21)
DA:1,222
DA:161,1
DA:164,1
DA:165,1
DA:166,1
DA:167,2
LF:6
LH:6
BRDA:167,0,0,2
BRDA:167,0,1,1
BRDA:1,1,0,26
BRDA:1,1,1,97
BRDA:1,2,0,0
BRF:5
BRH:4
end_of_record
TN:
SF:src\components\layout\Search.vue
FN:1,(anonymous_12)
FNF:1
FNH:1
FNDA:181,(anonymous_12)
DA:1,258
DA:29,1
DA:31,1
DA:32,1
LF:4
LH:4
BRDA:1,0,0,0
BRF:1
BRH:0
end_of_record
TN:
SF:src\components\model\Login.vue
FN:1,(anonymous_15)
FNF:1
FNH:1
FNDA:43,(anonymous_15)
DA:1,132
DA:49,1
DA:51,1
DA:52,1
LF:4
LH:4
BRDA:1,0,0,0
BRDA:1,1,0,0
BRDA:1,1,1,0
BRF:3
BRH:0
end_of_record
TN:
SF:src\components\pagination\index.vue
FN:1,(anonymous_10)
FNF:1
FNH:1
FNDA:282,(anonymous_10)
DA:1,388
DA:25,2
LF:2
LH:2
BRDA:1,0,0,122
BRDA:1,0,1,110
BRF:2
BRH:2
end_of_record
TN:
SF:src\utils\auth.js
FN:6,getUser
FN:14,setUser
FN:17,removeUser
FN:20,setSkin
FN:23,getSkin
FN:26,setUrl
FN:29,getUrl
FN:32,hasAuth
FN:34,(anonymous_8)
FNF:9
FNH:9
FNDA:6,getUser
FNDA:5,setUser
FNDA:3,removeUser
FNDA:4,setSkin
FNDA:3,getSkin
FNDA:4,setUrl
FNDA:3,getUrl
FNDA:9,hasAuth
FNDA:16,(anonymous_8)
DA:3,1
DA:7,6
DA:8,6
DA:9,3
DA:11,3
DA:15,5
DA:18,3
DA:21,4
DA:24,3
DA:27,4
DA:30,3
DA:33,9
DA:34,9
DA:35,16
DA:36,7
DA:37,7
DA:40,9
LF:17
LH:17
BRDA:8,0,0,3
BRDA:8,0,1,3
BRDA:35,1,0,7
BRDA:35,1,1,9
BRF:4
BRH:4
end_of_record
TN:
SF:src\view\article\ArticleList.vue
FN:1,(anonymous_5)
FNF:1
FNH:1
FNDA:180,(anonymous_5)
DA:1,259
DA:46,1
LF:2
LH:2
BRDA:1,0,0,14
BRDA:1,0,1,150
BRF:2
BRH:2
end_of_record
TN:
SF:src\view\article\NewlyArticle.vue
FN:1,(anonymous_2)
FNF:1
FNH:1
FNDA:143,(anonymous_2)
DA:1,186
DA:16,1
DA:18,1
LF:3
LH:3
BRF:0
BRH:0
end_of_record
TN:
SF:src\view\category\HotCategory.vue
FN:1,(anonymous_2)
FNF:1
FNH:1
FNDA:64,(anonymous_2)
DA:1,109
DA:16,1
LF:2
LH:2
BRF:0
BRH:0
end_of_record
TN:
SF:src\view\search\index.vue
FN:65,_interopRequireDefault
FN:1,(anonymous_9)
FNF:2
FNH:2
FNDA:1,_interopRequireDefault
FNDA:78,(anonymous_9)
DA:1,187
DA:62,1
DA:64,1
DA:65,2
LF:4
LH:4
BRDA:65,0,0,2
BRDA:65,0,1,1
BRDA:1,1,0,49
BRDA:1,1,1,54
BRF:4
BRH:4
end_of_record
